build/intermediates/manifest_merge_blame_file/debug/manifest-merger-blame-debug-report.txt
1<?xml version="1.0" encoding="utf-8"?>
2<manifest xmlns:android="http://schemas.android.com/apk/res/android"
3    package="com.adclient.android.sdksampleapp"
4    android:versionCode="1"
5    android:versionName="1.0.0" >
6
7    <uses-sdk
7-->ads_workspace\sdk-sample-app\AndroidManifest.xml:15:5-91
8        xmlns:android="http://schemas.android.com/apk/res/android"
8-->[adclient-sdk-for-android-4.6.4.aar] AndroidManifest.xml:3:69-127
9        android:minSdkVersion="15"
9-->ads_workspace\sdk-sample-app\AndroidManifest.xml:15:5-91
10        android:targetSdkVersion="28" />
10-->ads_workspace\sdk-sample-app\AndroidManifest.xml:15:5-91
11
12    <uses-permission
12-->ads_workspace\sdk-sample-app\AndroidManifest.xml:6:5-66
13        xmlns:android="http://schemas.android.com/apk/res/android"
13-->[adclient-sdk-for-android-4.6.4.aar] AndroidManifest.xml:2:63-121
14        android:name="android.permission.INTERNET" />
14-->ads_workspace\sdk-sample-app\AndroidManifest.xml:6:22-64
15    <uses-permission
15-->ads_workspace\sdk-sample-app\AndroidManifest.xml:7:5-81
16        xmlns:android="http://schemas.android.com/apk/res/android"
16-->[adclient-sdk-for-android-4.6.4.aar] AndroidManifest.xml:68:77-135
17        android:name="android.permission.ACCESS_COARSE_LOCATION" />
17-->ads_workspace\sdk-sample-app\AndroidManifest.xml:7:22-78
18    <uses-permission
18-->ads_workspace\sdk-sample-app\AndroidManifest.xml:8:5-79
19        xmlns:android="http://schemas.android.com/apk/res/android"
19-->[adclient-sdk-for-android-4.6.4.aar] AndroidManifest.xml:69:75-133
20        android:name="android.permission.ACCESS_FINE_LOCATION" />
20-->ads_workspace\sdk-sample-app\AndroidManifest.xml:8:22-76
21    <uses-permission
21-->ads_workspace\sdk-sample-app\AndroidManifest.xml:9:5-78
22        xmlns:android="http://schemas.android.com/apk/res/android"
22-->[adclient-sdk-for-android-4.6.4.aar] AndroidManifest.xml:70:75-133
23        android:name="android.permission.ACCESS_NETWORK_STATE" />
23-->ads_workspace\sdk-sample-app\AndroidManifest.xml:9:22-76
24    <uses-permission
24-->ads_workspace\sdk-sample-app\AndroidManifest.xml:10:5-76
25        xmlns:android="http://schemas.android.com/apk/res/android"
25-->[adclient-sdk-for-android-4.6.4.aar] AndroidManifest.xml:71:72-130
26        android:name="android.permission.ACCESS_WIFI_STATE" />
26-->ads_workspace\sdk-sample-app\AndroidManifest.xml:10:22-73
27    <uses-permission
27-->ads_workspace\sdk-sample-app\AndroidManifest.xml:11:5-76
28        xmlns:android="http://schemas.android.com/apk/res/android"
28-->[adclient-sdk-for-android-4.6.4.aar] AndroidManifest.xml:72:72-130
29        android:name="android.permission.CHANGE_WIFI_STATE" />
29-->ads_workspace\sdk-sample-app\AndroidManifest.xml:11:22-73
30    <uses-permission
30-->ads_workspace\sdk-sample-app\AndroidManifest.xml:12:5-75
31        xmlns:android="http://schemas.android.com/apk/res/android"
31-->[adclient-sdk-for-android-4.6.4.aar] AndroidManifest.xml:73:71-129
32        android:name="android.permission.READ_PHONE_STATE" />
32-->ads_workspace\sdk-sample-app\AndroidManifest.xml:12:22-72
33    <uses-permission
33-->ads_workspace\sdk-sample-app\AndroidManifest.xml:13:5-81
34        xmlns:android="http://schemas.android.com/apk/res/android"
34-->[adclient-sdk-for-android-4.6.4.aar] AndroidManifest.xml:74:77-135
35        android:name="android.permission.WRITE_EXTERNAL_STORAGE" />
35-->ads_workspace\sdk-sample-app\AndroidManifest.xml:13:22-78
36    <uses-permission android:name="com.android.alarm.permission.SET_ALARM" />
36-->[ogury-4.1.4.aar] AndroidManifest.xml:11:5-78
36-->[ogury-4.1.4.aar] AndroidManifest.xml:11:22-75
37    <uses-permission android:name="android.permission.WAKE_LOCK" />
37-->[com.google.android.gms:play-services-measurement-sdk-api:16.3.0] AndroidManifest.xml:25:5-68
37-->[com.google.android.gms:play-services-measurement-sdk-api:16.3.0] AndroidManifest.xml:25:22-65
38    <uses-permission android:name="android.permission.RECEIVE_BOOT_COMPLETED" />
38-->[com.startapp:inapp-sdk:4.2.3] AndroidManifest.xml:14:5-81
38-->[com.startapp:inapp-sdk:4.2.3] AndroidManifest.xml:14:22-78
39    <uses-permission android:name="com.google.android.finsky.permission.BIND_GET_INSTALL_REFERRER_SERVICE" />
39-->[com.startapp:inapp-sdk:4.2.3] AndroidManifest.xml:15:5-110
39-->[com.startapp:inapp-sdk:4.2.3] AndroidManifest.xml:15:22-107
40
41    <application
41-->ads_workspace\sdk-sample-app\AndroidManifest.xml:16:5-105:19
42        android:name="com.adclient.android.sdksampleapp.SampleApplication"
42-->ads_workspace\sdk-sample-app\AndroidManifest.xml:18:9-75
43        android:allowBackup="true"
43-->ads_workspace\sdk-sample-app\AndroidManifest.xml:19:9-35
44        android:appComponentFactory="android.support.v4.app.CoreComponentFactory"
44-->[com.android.support:support-compat:28.0.0] AndroidManifest.xml:22:18-91
45        android:debuggable="true"
46        android:icon="@drawable/icon"
46-->ads_workspace\sdk-sample-app\AndroidManifest.xml:20:9-38
47        android:label="@string/app_name"
47-->ads_workspace\sdk-sample-app\AndroidManifest.xml:21:9-41
48        android:testOnly="true" >
48-->ads_workspace\sdk-sample-app\AndroidManifest.xml:22:9-33
49        <meta-data
49-->ads_workspace\sdk-sample-app\AndroidManifest.xml:24:9-26:69
50            xmlns:android="http://schemas.android.com/apk/res/android"
50-->[adclient-sdk-for-android-4.6.4.aar] AndroidManifest.xml:11:62-120
51            android:name="com.google.android.gms.version"
51-->ads_workspace\sdk-sample-app\AndroidManifest.xml:25:13-58
52            android:value="@integer/google_play_services_version" />
52-->ads_workspace\sdk-sample-app\AndroidManifest.xml:26:13-66
53
54        <activity
54-->ads_workspace\sdk-sample-app\AndroidManifest.xml:28:9-37:20
55            android:name="com.adclient.android.sdksampleapp.MainActivity"
55-->ads_workspace\sdk-sample-app\AndroidManifest.xml:29:13-74
56            android:label="@string/app_name" >
56-->ads_workspace\sdk-sample-app\AndroidManifest.xml:31:13-45
57
58            <!-- android:configChanges="keyboard|keyboardHidden|orientation|screenLayout|uiMode|screenSize|smallestScreenSize" -->
59            <intent-filter>
59-->ads_workspace\sdk-sample-app\AndroidManifest.xml:33:13-36:29
60                <action android:name="android.intent.action.MAIN" />
60-->ads_workspace\sdk-sample-app\AndroidManifest.xml:34:17-69
60-->ads_workspace\sdk-sample-app\AndroidManifest.xml:34:25-66
61
62                <category android:name="android.intent.category.LAUNCHER" />
62-->ads_workspace\sdk-sample-app\AndroidManifest.xml:35:17-77
62-->ads_workspace\sdk-sample-app\AndroidManifest.xml:35:27-74
63            </intent-filter>
64        </activity>
65        <activity
65-->ads_workspace\sdk-sample-app\AndroidManifest.xml:39:9-41:77
66            android:name="com.adclient.android.sdksampleapp.BannersActivity"
66-->ads_workspace\sdk-sample-app\AndroidManifest.xml:40:13-77
67            android:configChanges="keyboardHidden|orientation|screenSize" />
67-->ads_workspace\sdk-sample-app\AndroidManifest.xml:41:13-74
68        <activity
68-->ads_workspace\sdk-sample-app\AndroidManifest.xml:43:9-45:77
69            android:name="com.adclient.android.sdksampleapp.InterstitialActivity"
69-->ads_workspace\sdk-sample-app\AndroidManifest.xml:44:13-82
70            android:configChanges="keyboardHidden|orientation|screenSize" />
70-->ads_workspace\sdk-sample-app\AndroidManifest.xml:45:13-74
71        <activity
71-->ads_workspace\sdk-sample-app\AndroidManifest.xml:47:9-49:77
72            android:name="com.adclient.android.sdksampleapp.RewardedActivity"
72-->ads_workspace\sdk-sample-app\AndroidManifest.xml:48:13-78
73            android:configChanges="keyboardHidden|orientation|screenSize" />
73-->ads_workspace\sdk-sample-app\AndroidManifest.xml:49:13-74
74        <activity
74-->ads_workspace\sdk-sample-app\AndroidManifest.xml:51:9-53:77
75            android:name="com.adclient.android.sdksampleapp.NativeAdsSimpleActivity"
75-->ads_workspace\sdk-sample-app\AndroidManifest.xml:52:13-85
76            android:configChanges="keyboardHidden|orientation|screenSize" />
76-->ads_workspace\sdk-sample-app\AndroidManifest.xml:53:13-74
77        <activity
77-->ads_workspace\sdk-sample-app\AndroidManifest.xml:55:9-57:77
78            android:name="com.adclient.android.sdksampleapp.SmartBannersActivity"
78-->ads_workspace\sdk-sample-app\AndroidManifest.xml:56:13-82
79            android:configChanges="keyboardHidden|orientation|screenSize" />
79-->ads_workspace\sdk-sample-app\AndroidManifest.xml:57:13-74
80        <activity
80-->ads_workspace\sdk-sample-app\AndroidManifest.xml:59:9-61:77
81            android:name="com.adclient.android.sdksampleapp.MultipleNativeAdsScrollViewActivity"
81-->ads_workspace\sdk-sample-app\AndroidManifest.xml:60:13-97
82            android:configChanges="keyboardHidden|orientation|screenSize" />
82-->ads_workspace\sdk-sample-app\AndroidManifest.xml:61:13-74
83        <activity
83-->ads_workspace\sdk-sample-app\AndroidManifest.xml:63:9-65:77
84            android:name="com.adclient.android.sdksampleapp.NativeAdsFromApplicationLoaderActivity"
84-->ads_workspace\sdk-sample-app\AndroidManifest.xml:64:13-100
85            android:configChanges="keyboardHidden|orientation|screenSize" />
85-->ads_workspace\sdk-sample-app\AndroidManifest.xml:65:13-74
86        <activity
86-->ads_workspace\sdk-sample-app\AndroidManifest.xml:67:9-69:77
87            android:name="com.adclient.android.sdksampleapp.NativeAdsFromApplicationActivity"
87-->ads_workspace\sdk-sample-app\AndroidManifest.xml:68:13-94
88            android:configChanges="keyboardHidden|orientation|screenSize" />
88-->ads_workspace\sdk-sample-app\AndroidManifest.xml:69:13-74
89        <activity
89-->ads_workspace\sdk-sample-app\AndroidManifest.xml:71:9-73:77
90            android:name="com.adclient.android.sdksampleapp.NativeAdsListActivity"
90-->ads_workspace\sdk-sample-app\AndroidManifest.xml:72:13-83
91            android:configChanges="keyboardHidden|orientation|screenSize" />
91-->ads_workspace\sdk-sample-app\AndroidManifest.xml:73:13-74
92        <activity
92-->ads_workspace\sdk-sample-app\AndroidManifest.xml:75:9-77:77
93            android:name="com.adclient.android.sdksampleapp.NativeAdsRecyclerViewActivity"
93-->ads_workspace\sdk-sample-app\AndroidManifest.xml:76:13-91
94            android:configChanges="keyboardHidden|orientation|screenSize" />
94-->ads_workspace\sdk-sample-app\AndroidManifest.xml:77:13-74
95        <activity
95-->ads_workspace\sdk-sample-app\AndroidManifest.xml:80:9-83:55
96            xmlns:android="http://schemas.android.com/apk/res/android"
96-->[adclient-sdk-for-android-4.6.4.aar] AndroidManifest.xml:7:80-138
97            android:name="com.adclient.android.sdk.view.AdClientSdkActivity"
97-->ads_workspace\sdk-sample-app\AndroidManifest.xml:81:13-77
98            android:configChanges="keyboardHidden|orientation|screenSize"
98-->ads_workspace\sdk-sample-app\AndroidManifest.xml:82:13-74
99            android:screenOrientation="unspecified" />
99-->ads_workspace\sdk-sample-app\AndroidManifest.xml:83:13-52
100        <activity
100-->ads_workspace\sdk-sample-app\AndroidManifest.xml:85:9-88:55
101            xmlns:android="http://schemas.android.com/apk/res/android"
101-->[adclient-sdk-for-android-4.6.4.aar] AndroidManifest.xml:8:83-141
102            android:name="com.adclient.android.sdk.video.AdClientVideoActivity"
102-->ads_workspace\sdk-sample-app\AndroidManifest.xml:86:13-80
103            android:configChanges="keyboardHidden|orientation|screenSize"
103-->ads_workspace\sdk-sample-app\AndroidManifest.xml:87:13-74
104            android:screenOrientation="unspecified" />
104-->ads_workspace\sdk-sample-app\AndroidManifest.xml:88:13-52
105        <activity
105-->ads_workspace\sdk-sample-app\AndroidManifest.xml:90:9-92:77
106            xmlns:android="http://schemas.android.com/apk/res/android"
106-->[adclient-sdk-for-android-4.6.4.aar] AndroidManifest.xml:9:98-156
107            android:name="com.adclient.android.sdk.inapp.landing.AdClientInAppLandingActivity"
107-->ads_workspace\sdk-sample-app\AndroidManifest.xml:91:13-95
108            android:configChanges="keyboardHidden|orientation|screenSize"
108-->ads_workspace\sdk-sample-app\AndroidManifest.xml:92:13-74
109            android:screenOrientation="unspecified" />
109-->[adclient-sdk-for-android-4.6.4.aar] AndroidManifest.xml:9:219-258
110
111        <service
111-->ads_workspace\sdk-sample-app\AndroidManifest.xml:94:9-97
112            xmlns:android="http://schemas.android.com/apk/res/android"
112-->[adclient-sdk-for-android-4.6.4.aar] AndroidManifest.xml:13:91-149
113            android:name="com.adclient.android.sdk.synchronization.AdClientSynchronizer" />
113-->ads_workspace\sdk-sample-app\AndroidManifest.xml:94:18-94
114
115        <activity
115-->ads_workspace\sdk-sample-app\AndroidManifest.xml:96:9-98:125
116            xmlns:android="http://schemas.android.com/apk/res/android"
116-->[adclient-sdk-for-android-4.6.4.aar] AndroidManifest.xml:10:68-126
117            android:name="com.google.android.gms.ads.AdActivity"
117-->ads_workspace\sdk-sample-app\AndroidManifest.xml:97:13-65
118            android:configChanges="keyboard|keyboardHidden|orientation|screenLayout|uiMode|screenSize|smallestScreenSize"
118-->ads_workspace\sdk-sample-app\AndroidManifest.xml:98:13-122
119            android:exported="false"
119-->[com.google.android.gms:play-services-ads-lite:17.2.0] AndroidManifest.xml:32:13-37
120            android:screenOrientation="unspecified"
120-->[adclient-sdk-for-android-4.6.4.aar] AndroidManifest.xml:10:237-276
121            android:theme="@android:style/Theme.Translucent" />
121-->[com.google.android.gms:play-services-ads-lite:17.2.0] AndroidManifest.xml:33:13-61
122
123        <!-- Please change APPLICATION_ID on your from Epom Manager -->
124        <meta-data
124-->ads_workspace\sdk-sample-app\AndroidManifest.xml:101:9-104:45
125            xmlns:android="http://schemas.android.com/apk/res/android"
125-->[adclient-sdk-for-android-4.6.4.aar] AndroidManifest.xml:12:73-131
126            android:name="com.google.android.gms.ads.APPLICATION_ID"
126-->ads_workspace\sdk-sample-app\AndroidManifest.xml:102:13-69
127            android:value="ca-app-pub-8600340839001693~5320414138" />
127-->ads_workspace\sdk-sample-app\AndroidManifest.xml:103:13-67
128
129        <uses-library
129-->[adclient-sdk-for-android-4.6.4.aar] AndroidManifest.xml:6:5-142
130            xmlns:android="http://schemas.android.com/apk/res/android"
130-->[adclient-sdk-for-android-4.6.4.aar] AndroidManifest.xml:6:57-115
131            android:name="org.apache.http.legacy"
131-->[adclient-sdk-for-android-4.6.4.aar] AndroidManifest.xml:6:19-56
132            android:required="false" />
132-->[adclient-sdk-for-android-4.6.4.aar] AndroidManifest.xml:6:116-140
133
134        <activity
134-->[adclient-sdk-for-android-4.6.4.aar] AndroidManifest.xml:14:5-186
135            xmlns:android="http://schemas.android.com/apk/res/android"
135-->[adclient-sdk-for-android-4.6.4.aar] AndroidManifest.xml:14:64-122
136            android:name="com.mopub.mobileads.MoPubActivity"
136-->[adclient-sdk-for-android-4.6.4.aar] AndroidManifest.xml:14:15-63
137            android:configChanges="keyboardHidden|orientation|screenSize" />
137-->[adclient-sdk-for-android-4.6.4.aar] AndroidManifest.xml:14:123-184
138        <activity
138-->[adclient-sdk-for-android-4.6.4.aar] AndroidManifest.xml:15:5-186
139            xmlns:android="http://schemas.android.com/apk/res/android"
139-->[adclient-sdk-for-android-4.6.4.aar] AndroidManifest.xml:15:64-122
140            android:name="com.mopub.mobileads.MraidActivity"
140-->[adclient-sdk-for-android-4.6.4.aar] AndroidManifest.xml:15:15-63
141            android:configChanges="keyboardHidden|orientation|screenSize" />
141-->[adclient-sdk-for-android-4.6.4.aar] AndroidManifest.xml:15:123-184
142        <activity
142-->[adclient-sdk-for-android-4.6.4.aar] AndroidManifest.xml:16:5-182
143            xmlns:android="http://schemas.android.com/apk/res/android"
143-->[adclient-sdk-for-android-4.6.4.aar] AndroidManifest.xml:16:60-118
144            android:name="com.mopub.common.MoPubBrowser"
144-->[adclient-sdk-for-android-4.6.4.aar] AndroidManifest.xml:16:15-59
145            android:configChanges="keyboardHidden|orientation|screenSize" />
145-->[adclient-sdk-for-android-4.6.4.aar] AndroidManifest.xml:16:119-180
146        <activity
146-->[adclient-sdk-for-android-4.6.4.aar] AndroidManifest.xml:17:5-197
147            xmlns:android="http://schemas.android.com/apk/res/android"
147-->[adclient-sdk-for-android-4.6.4.aar] AndroidManifest.xml:17:75-133
148            android:name="com.mopub.mobileads.MraidVideoPlayerActivity"
148-->[adclient-sdk-for-android-4.6.4.aar] AndroidManifest.xml:17:15-74
149            android:configChanges="keyboardHidden|orientation|screenSize" />
149-->[adclient-sdk-for-android-4.6.4.aar] AndroidManifest.xml:17:134-195
150        <activity
150-->[adclient-sdk-for-android-4.6.4.aar] AndroidManifest.xml:18:5-194
151            xmlns:android="http://schemas.android.com/apk/res/android"
151-->[adclient-sdk-for-android-4.6.4.aar] AndroidManifest.xml:18:72-130
152            android:name="com.mopub.mobileads.RewardedMraidActivity"
152-->[adclient-sdk-for-android-4.6.4.aar] AndroidManifest.xml:18:15-71
153            android:configChanges="keyboardHidden|orientation|screenSize" />
153-->[adclient-sdk-for-android-4.6.4.aar] AndroidManifest.xml:18:131-192
154        <activity
154-->[adclient-sdk-for-android-4.6.4.aar] AndroidManifest.xml:19:5-199
155            xmlns:android="http://schemas.android.com/apk/res/android"
155-->[adclient-sdk-for-android-4.6.4.aar] AndroidManifest.xml:19:77-135
156            android:name="com.mopub.common.privacy.ConsentDialogActivity"
156-->[adclient-sdk-for-android-4.6.4.aar] AndroidManifest.xml:19:15-76
157            android:configChanges="keyboardHidden|orientation|screenSize" />
157-->[adclient-sdk-for-android-4.6.4.aar] AndroidManifest.xml:19:136-197
158        <activity
158-->[adclient-sdk-for-android-4.6.4.aar] AndroidManifest.xml:20:5-182
159            xmlns:android="http://schemas.android.com/apk/res/android"
159-->[adclient-sdk-for-android-4.6.4.aar] AndroidManifest.xml:20:85-143
160            android:name="com.startapp.android.publish.ads.list3d.List3DActivity"
160-->[adclient-sdk-for-android-4.6.4.aar] AndroidManifest.xml:20:15-84
161            android:theme="@android:style/Theme" />
161-->[adclient-sdk-for-android-4.6.4.aar] AndroidManifest.xml:20:144-180
162        <activity
162-->[adclient-sdk-for-android-4.6.4.aar] AndroidManifest.xml:21:5-267
163            xmlns:android="http://schemas.android.com/apk/res/android"
163-->[adclient-sdk-for-android-4.6.4.aar] AndroidManifest.xml:21:96-154
164            android:name="com.startapp.android.publish.adsCommon.activities.OverlayActivity"
164-->[adclient-sdk-for-android-4.6.4.aar] AndroidManifest.xml:21:15-95
165            android:configChanges="orientation|keyboardHidden|screenSize"
165-->[adclient-sdk-for-android-4.6.4.aar] AndroidManifest.xml:21:155-216
166            android:theme="@android:style/Theme.Translucent" />
166-->[adclient-sdk-for-android-4.6.4.aar] AndroidManifest.xml:21:217-265
167        <activity
167-->[adclient-sdk-for-android-4.6.4.aar] AndroidManifest.xml:22:5-258
168            xmlns:android="http://schemas.android.com/apk/res/android"
168-->[adclient-sdk-for-android-4.6.4.aar] AndroidManifest.xml:22:99-157
169            android:name="com.startapp.android.publish.adsCommon.activities.FullScreenActivity"
169-->[adclient-sdk-for-android-4.6.4.aar] AndroidManifest.xml:22:15-98
170            android:configChanges="orientation|keyboardHidden|screenSize"
170-->[adclient-sdk-for-android-4.6.4.aar] AndroidManifest.xml:22:158-219
171            android:theme="@android:style/Theme" />
171-->[adclient-sdk-for-android-4.6.4.aar] AndroidManifest.xml:22:220-256
172
173        <receiver
173-->[adclient-sdk-for-android-4.6.4.aar] AndroidManifest.xml:23:5-27:16
174            xmlns:android="http://schemas.android.com/apk/res/android"
174-->[adclient-sdk-for-android-4.6.4.aar] AndroidManifest.xml:23:96-154
175            android:name="com.startapp.android.publish.common.metaData.BootCompleteListener" >
175-->[adclient-sdk-for-android-4.6.4.aar] AndroidManifest.xml:23:15-95
176            <intent-filter>
176-->[adclient-sdk-for-android-4.6.4.aar] AndroidManifest.xml:24:7-26:23
177                <action android:name="android.intent.action.BOOT_COMPLETED" />
177-->[adclient-sdk-for-android-4.6.4.aar] AndroidManifest.xml:25:9-70
177-->[adclient-sdk-for-android-4.6.4.aar] AndroidManifest.xml:25:17-68
178            </intent-filter>
179        </receiver>
180
181        <service
181-->[adclient-sdk-for-android-4.6.4.aar] AndroidManifest.xml:28:5-158
182            xmlns:android="http://schemas.android.com/apk/res/android"
182-->[adclient-sdk-for-android-4.6.4.aar] AndroidManifest.xml:28:98-156
183            android:name="com.startapp.android.publish.common.metaData.PeriodicMetaDataService" />
183-->[adclient-sdk-for-android-4.6.4.aar] AndroidManifest.xml:28:14-97
184        <service
184-->[adclient-sdk-for-android-4.6.4.aar] AndroidManifest.xml:29:5-151
185            xmlns:android="http://schemas.android.com/apk/res/android"
185-->[adclient-sdk-for-android-4.6.4.aar] AndroidManifest.xml:29:91-149
186            android:name="com.startapp.android.publish.common.metaData.InfoEventService" />
186-->[adclient-sdk-for-android-4.6.4.aar] AndroidManifest.xml:29:14-90
187        <service
187-->[adclient-sdk-for-android-4.6.4.aar] AndroidManifest.xml:30:5-210
188            xmlns:android="http://schemas.android.com/apk/res/android"
188-->[adclient-sdk-for-android-4.6.4.aar] AndroidManifest.xml:30:93-151
189            android:name="com.startapp.android.publish.common.metaData.PeriodicJobService"
189-->[adclient-sdk-for-android-4.6.4.aar] AndroidManifest.xml:30:14-92
190            android:permission="android.permission.BIND_JOB_SERVICE" />
190-->[adclient-sdk-for-android-4.6.4.aar] AndroidManifest.xml:30:152-208
191
192        <activity
192-->[adclient-sdk-for-android-4.6.4.aar] AndroidManifest.xml:31:5-310
193            xmlns:android="http://schemas.android.com/apk/res/android"
193-->[adclient-sdk-for-android-4.6.4.aar] AndroidManifest.xml:31:66-124
194            android:name="com.vungle.warren.ui.VungleActivity"
194-->[adclient-sdk-for-android-4.6.4.aar] AndroidManifest.xml:31:15-65
195            android:configChanges="keyboardHidden|orientation|screenSize|screenLayout|smallestScreenSize"
195-->[adclient-sdk-for-android-4.6.4.aar] AndroidManifest.xml:31:125-218
196            android:launchMode="singleTop"
196-->[adclient-sdk-for-android-4.6.4.aar] AndroidManifest.xml:31:219-249
197            android:theme="@android:style/Theme.NoTitleBar.Fullscreen" />
197-->[adclient-sdk-for-android-4.6.4.aar] AndroidManifest.xml:31:250-308
198        <activity
198-->[adclient-sdk-for-android-4.6.4.aar] AndroidManifest.xml:32:5-354
199            xmlns:android="http://schemas.android.com/apk/res/android"
199-->[adclient-sdk-for-android-4.6.4.aar] AndroidManifest.xml:32:74-132
200            android:name="com.vungle.warren.ui.VungleFlexViewActivity"
200-->[adclient-sdk-for-android-4.6.4.aar] AndroidManifest.xml:32:15-73
201            android:configChanges="keyboardHidden|orientation|screenSize|screenLayout|smallestScreenSize"
201-->[adclient-sdk-for-android-4.6.4.aar] AndroidManifest.xml:32:133-226
202            android:hardwareAccelerated="true"
202-->[adclient-sdk-for-android-4.6.4.aar] AndroidManifest.xml:32:227-261
203            android:launchMode="singleTop"
203-->[adclient-sdk-for-android-4.6.4.aar] AndroidManifest.xml:32:262-292
204            android:theme="@android:style/Theme.Translucent.NoTitleBar" />
204-->[adclient-sdk-for-android-4.6.4.aar] AndroidManifest.xml:32:293-352
205        <activity
205-->[adclient-sdk-for-android-4.6.4.aar] AndroidManifest.xml:33:5-258
206            xmlns:android="http://schemas.android.com/apk/res/android"
206-->[adclient-sdk-for-android-4.6.4.aar] AndroidManifest.xml:33:73-131
207            android:name="com.adclient.android.sdk.com.vungle.warrenui.VungleWebViewActivity"
207-->[adclient-sdk-for-android-4.6.4.aar] AndroidManifest.xml:33:15-72
208            android:configChanges="keyboardHidden|orientation|screenSize|screenLayout|smallestScreenSize"
208-->[adclient-sdk-for-android-4.6.4.aar] AndroidManifest.xml:33:132-225
209            android:launchMode="singleTop" />
209-->[adclient-sdk-for-android-4.6.4.aar] AndroidManifest.xml:33:226-256
210
211        <receiver
211-->[adclient-sdk-for-android-4.6.4.aar] AndroidManifest.xml:34:5-39:16
212            xmlns:android="http://schemas.android.com/apk/res/android"
212-->[adclient-sdk-for-android-4.6.4.aar] AndroidManifest.xml:34:72-130
213            android:name="com.vungle.warren.NetworkProviderReceiver"
213-->[adclient-sdk-for-android-4.6.4.aar] AndroidManifest.xml:34:15-71
214            android:enabled="false" >
214-->[adclient-sdk-for-android-4.6.4.aar] AndroidManifest.xml:34:131-154
215            <intent-filter>
215-->[adclient-sdk-for-android-4.6.4.aar] AndroidManifest.xml:35:7-38:23
216                <action android:name="android.net.conn.CONNECTIVITY_CHANGE" />
216-->[adclient-sdk-for-android-4.6.4.aar] AndroidManifest.xml:36:9-70
216-->[adclient-sdk-for-android-4.6.4.aar] AndroidManifest.xml:36:17-68
217
218                <category android:name="android.intent.category.DEFAULT" />
218-->[adclient-sdk-for-android-4.6.4.aar] AndroidManifest.xml:37:9-67
218-->[adclient-sdk-for-android-4.6.4.aar] AndroidManifest.xml:37:19-65
219            </intent-filter>
220        </receiver>
221
222        <activity
222-->[adclient-sdk-for-android-4.6.4.aar] AndroidManifest.xml:40:5-298
223            xmlns:android="http://schemas.android.com/apk/res/android"
223-->[adclient-sdk-for-android-4.6.4.aar] AndroidManifest.xml:40:76-134
224            android:name="com.adcolony.sdk.AdColonyInterstitialActivity"
224-->[adclient-sdk-for-android-4.6.4.aar] AndroidManifest.xml:40:15-75
225            android:configChanges="keyboardHidden|orientation|screenSize"
225-->[adclient-sdk-for-android-4.6.4.aar] AndroidManifest.xml:40:135-196
226            android:hardwareAccelerated="true"
226-->[adclient-sdk-for-android-4.6.4.aar] AndroidManifest.xml:40:197-231
227            android:theme="@android:style/Theme.Black.NoTitleBar.Fullscreen" />
227-->[adclient-sdk-for-android-4.6.4.aar] AndroidManifest.xml:40:232-296
228        <activity
228-->[adclient-sdk-for-android-4.6.4.aar] AndroidManifest.xml:41:5-292
229            xmlns:android="http://schemas.android.com/apk/res/android"
229-->[adclient-sdk-for-android-4.6.4.aar] AndroidManifest.xml:41:70-128
230            android:name="com.adcolony.sdk.AdColonyAdViewActivity"
230-->[adclient-sdk-for-android-4.6.4.aar] AndroidManifest.xml:41:15-69
231            android:configChanges="keyboardHidden|orientation|screenSize"
231-->[adclient-sdk-for-android-4.6.4.aar] AndroidManifest.xml:41:129-190
232            android:hardwareAccelerated="true"
232-->[adclient-sdk-for-android-4.6.4.aar] AndroidManifest.xml:41:191-225
233            android:theme="@android:style/Theme.Black.NoTitleBar.Fullscreen" />
233-->[adclient-sdk-for-android-4.6.4.aar] AndroidManifest.xml:41:226-290
234        <activity
234-->[adclient-sdk-for-android-4.6.4.aar] AndroidManifest.xml:42:5-389
235            xmlns:android="http://schemas.android.com/apk/res/android"
235-->[adclient-sdk-for-android-4.6.4.aar] AndroidManifest.xml:42:77-135
236            android:name="com.unity3d.services.ads.adunit.AdUnitActivity"
236-->[adclient-sdk-for-android-4.6.4.aar] AndroidManifest.xml:42:15-76
237            android:configChanges="fontScale|keyboard|keyboardHidden|locale|mnc|mcc|navigation|orientation|screenLayout|screenSize|smallestScreenSize|uiMode|touchscreen"
237-->[adclient-sdk-for-android-4.6.4.aar] AndroidManifest.xml:42:136-293
238            android:hardwareAccelerated="true"
238-->[adclient-sdk-for-android-4.6.4.aar] AndroidManifest.xml:42:294-328
239            android:theme="@android:style/Theme.NoTitleBar.Fullscreen" />
239-->[adclient-sdk-for-android-4.6.4.aar] AndroidManifest.xml:42:329-387
240        <activity
240-->[adclient-sdk-for-android-4.6.4.aar] AndroidManifest.xml:43:5-412
241            xmlns:android="http://schemas.android.com/apk/res/android"
241-->[adclient-sdk-for-android-4.6.4.aar] AndroidManifest.xml:43:88-146
242            android:name="com.unity3d.services.ads.adunit.AdUnitTransparentActivity"
242-->[adclient-sdk-for-android-4.6.4.aar] AndroidManifest.xml:43:15-87
243            android:configChanges="fontScale|keyboard|keyboardHidden|locale|mnc|mcc|navigation|orientation|screenLayout|screenSize|smallestScreenSize|uiMode|touchscreen"
243-->[adclient-sdk-for-android-4.6.4.aar] AndroidManifest.xml:43:147-304
244            android:hardwareAccelerated="true"
244-->[adclient-sdk-for-android-4.6.4.aar] AndroidManifest.xml:43:305-339
245            android:theme="@android:style/Theme.Translucent.NoTitleBar.Fullscreen" />
245-->[adclient-sdk-for-android-4.6.4.aar] AndroidManifest.xml:43:340-410
246        <activity
246-->[adclient-sdk-for-android-4.6.4.aar] AndroidManifest.xml:44:5-421
247            xmlns:android="http://schemas.android.com/apk/res/android"
247-->[adclient-sdk-for-android-4.6.4.aar] AndroidManifest.xml:44:96-154
248            android:name="com.unity3d.services.ads.adunit.AdUnitTransparentSoftwareActivity"
248-->[adclient-sdk-for-android-4.6.4.aar] AndroidManifest.xml:44:15-95
249            android:configChanges="fontScale|keyboard|keyboardHidden|locale|mnc|mcc|navigation|orientation|screenLayout|screenSize|smallestScreenSize|uiMode|touchscreen"
249-->[adclient-sdk-for-android-4.6.4.aar] AndroidManifest.xml:44:155-312